SF:lib/flutter_aws_cognito_access_iotcore_mqtt.dart
DA:38,1
DA:53,1
DA:66,2
DA:72,2
DA:73,2
DA:75,2
DA:76,1
DA:77,2
DA:79,2
DA:80,1
DA:81,2
DA:84,1
DA:91,1
DA:96,1
DA:100,1
DA:104,1
DA:107,1
DA:111,1
DA:112,2
DA:115,1
DA:116,2
DA:120,1
DA:121,2
DA:124,1
DA:125,2
DA:128,1
DA:129,2
DA:130,4
DA:132,2
DA:135,1
DA:136,2
DA:139,1
DA:140,1
DA:141,2
DA:142,1
LF:35
LH:35
end_of_record
SF:lib/src/application/usecase/connect_usecase.dart
DA:15,2
DA:21,1
DA:22,1
DA:25,2
DA:27,1
DA:30,2
DA:31,2
DA:32,2
DA:33,2
DA:34,2
DA:35,2
DA:36,2
DA:39,2
DA:40,1
DA:44,2
DA:46,2
DA:47,1
LF:17
LH:17
end_of_record
SF:lib/src/application/usecase/disconnect_usecase.dart
DA:7,2
DA:10,2
DA:12,1
DA:13,2
LF:4
LH:4
end_of_record
SF:lib/src/application/usecase/publish_to_topic_usecase.dart
DA:9,2
DA:13,2
DA:16,1
DA:17,4
LF:4
LH:4
end_of_record
SF:lib/src/application/usecase/subscribe_to_topic_usecase.dart
DA:9,2
DA:13,1
DA:15,1
DA:16,4
DA:18,1
LF:5
LH:5
end_of_record
SF:lib/src/application/usecase/mqtt_server_client_build_usecase.dart
DA:10,2
DA:23,2
DA:24,2
DA:25,2
DA:26,2
DA:27,2
DA:29,2
DA:33,2
DA:34,1
DA:36,2
DA:38,2
DA:40,2
DA:43,2
DA:44,2
DA:45,2
DA:46,2
DA:47,2
DA:48,4
DA:49,4
DA:52,6
DA:54,2
DA:56,4
DA:57,4
DA:58,4
DA:59,4
DA:60,4
DA:61,4
DA:62,4
DA:63,4
DA:64,4
DA:69,2
DA:77,2
DA:78,2
DA:79,2
DA:80,2
DA:81,2
DA:82,2
DA:83,2
DA:84,1
DA:86,2
DA:88,2
DA:89,2
DA:92,2
DA:95,2
DA:97,2
DA:103,2
DA:109,2
DA:110,2
LF:48
LH:48
end_of_record
SF:lib/src/application/usecase/unsubscribe_to_topic_usecase.dart
DA:9,2
DA:13,2
DA:15,1
DA:16,2
LF:4
LH:4
end_of_record
SF:lib/src/domain/value_obejcts/mqtt_client_path.dart
DA:6,4
DA:12,2
DA:14,2
DA:15,6
DA:16,6
DA:17,6
DA:19,1
DA:20,8
LF:8
LH:8
end_of_record
SF:lib/src/domain/value_obejcts/mqtt_client_credentials.dart
DA:7,4
DA:15,2
DA:17,2
DA:18,6
DA:19,6
DA:20,6
DA:21,6
DA:23,1
DA:25,11
LF:9
LH:9
end_of_record
SF:lib/src/domain/value_obejcts/mqtt_client_options.dart
DA:9,6
DA:16,3
DA:17,3
DA:25,2
DA:27,2
DA:28,6
DA:29,6
DA:30,6
DA:32,1
DA:34,3
DA:35,3
DA:36,2
LF:12
LH:12
end_of_record
SF:lib/src/data/aws_sign_service.dart
DA:6,2
DA:8,1
DA:9,1
DA:10,1
DA:11,1
DA:15,1
DA:20,1
DA:21,1
LF:8
LH:8
end_of_record
SF:lib/src/data/data_sources/remote_aws_data_source.dart
DA:14,2
DA:17,1
DA:18,1
DA:20,1
DA:27,1
DA:30,1
DA:32,1
DA:34,2
DA:36,1
DA:38,2
DA:42,1
DA:45,2
DA:51,2
DA:52,1
DA:53,1
DA:54,2
DA:57,2
DA:58,3
DA:61,2
LF:19
LH:19
end_of_record
SF:lib/src/data/repositories/aws_service_repository_impl.dart
DA:7,2
DA:9,1
DA:11,1
DA:20,2
LF:4
LH:4
end_of_record
SF:lib/src/data/repositories/mqtt_client_repository_impl.dart
DA:8,2
DA:11,2
DA:13,1
DA:14,1
DA:16,2
DA:17,2
DA:20,1
DA:22,2
DA:25,1
DA:27,1
DA:28,1
DA:30,1
DA:31,2
DA:34,1
DA:38,1
DA:40,2
DA:43,1
DA:45,2
LF:18
LH:18
end_of_record
SF:lib/src/domain/value_obejcts/mqtt_client_behavior.dart
DA:14,3
DA:26,3
DA:27,3
DA:30,2
DA:32,2
DA:33,6
DA:34,6
DA:35,6
DA:36,6
DA:38,1
DA:40,3
DA:41,3
DA:42,3
DA:43,2
LF:14
LH:14
end_of_record
